<?xml version="1.0" encoding="UTF-8"?>
<!-- Generated by org.testng.reporters.JUnitReportReporter -->
<testsuite skipped="0" hostname="Meet" name="com.test.testcase.SignInTestcase" tests="8" failures="0" timestamp="04 Aug 2018 10:56:31 GMT" time="63.085" errors="0">
  <testcase name="emailcradentialwrong" time="11.755" classname="com.test.testcase.SignInTestcase"/>
  <testcase name="emailadressblank" time="7.625" classname="com.test.testcase.SignInTestcase"/>
  <testcase name="validcradentialverify" time="10.184" classname="com.test.testcase.SignInTestcase"/>
  <testcase name="withoutcredentialclickonsignin" time="1.623" classname="com.test.testcase.SignInTestcase"/>
  <testcase name="passwordblank" time="8.377" classname="com.test.testcase.SignInTestcase"/>
  <testcase name="passwordcradentialwrong" time="9.101" classname="com.test.testcase.SignInTestcase"/>
  <testcase name="invalidemailaddress" time="7.857" classname="com.test.testcase.SignInTestcase"/>
  <testcase name="passwordformate" time="6.563" classname="com.test.testcase.SignInTestcase"/>
</testsuite> <!-- com.test.testcase.SignInTestcase -->
