<?xml version="1.0" encoding="UTF-8"?>
<!-- Generated by org.testng.reporters.JUnitReportReporter -->
<testsuite skipped="0" hostname="Meet" name="com.test.testcase.HomeTestcase" tests="2" failures="0" timestamp="04 Sep 2018 11:03:44 GMT" time="7.284" errors="0">
  <testcase name="clickonforgotpassword" time="5.686" classname="com.test.testcase.HomeTestcase"/>
  <testcase name="clickonforgotpassword" time="1.598" classname="com.test.testcase.HomeTestcase"/>
</testsuite> <!-- com.test.testcase.HomeTestcase -->
