<?xml version="1.0" encoding="UTF-8"?>
<!-- Generated by org.testng.reporters.JUnitReportReporter -->
<testsuite skipped="0" hostname="Meet" name="com.test.base.Extentreport" tests="1" failures="0" timestamp="24 Jul 2018 09:43:57 GMT" time="2.886" errors="0">
  <testcase name="startReport" time="2.886" classname="com.test.base.Extentreport"/>
</testsuite> <!-- com.test.base.Extentreport -->
