<?xml version="1.0" encoding="UTF-8"?>
<!-- Generated by org.testng.reporters.JUnitReportReporter -->
<testsuite skipped="0" hostname="Meet" name="com.test.testcase.PlanSelectTestcase" tests="1" failures="0" timestamp="04 Aug 2018 11:27:55 GMT" time="1.245" errors="0">
  <testcase name="planselect" time="1.245" classname="com.test.testcase.PlanSelectTestcase"/>
</testsuite> <!-- com.test.testcase.PlanSelectTestcase -->
