<?xml version="1.0" encoding="UTF-8"?>
<!-- Generated by org.testng.reporters.JUnitReportReporter -->
<testsuite skipped="0" hostname="Meet" name="com.test.testcase.HomeSignUpTestcase" tests="1" failures="0" timestamp="23 Jul 2018 05:30:35 GMT" time="0.542" errors="0">
  <testcase name="clickonforgotpassword" time="0.542" classname="com.test.testcase.HomeSignUpTestcase"/>
</testsuite> <!-- com.test.testcase.HomeSignUpTestcase -->
