<?xml version="1.0" encoding="UTF-8"?>
<!-- Generated by org.testng.reporters.JUnitReportReporter -->
<testsuite hostname="Meet" name="com.test.testcase.SignInTestcase" tests="8" failures="0" timestamp="26 Jul 2018 05:28:55 GMT" time="71.804" errors="0">
  <testcase name="passwordcradentialwrong" time="10.257" classname="com.test.testcase.SignInTestcase"/>
  <testcase name="emailcradentialwrong" time="7.445" classname="com.test.testcase.SignInTestcase"/>
  <testcase name="invalidemailaddress" time="9.444" classname="com.test.testcase.SignInTestcase"/>
  <testcase name="withoutcredentialclickonsignin" time="1.559" classname="com.test.testcase.SignInTestcase"/>
  <testcase name="validcradentialverify" time="17.406" classname="com.test.testcase.SignInTestcase"/>
  <testcase name="emailadressblank" time="9.224" classname="com.test.testcase.SignInTestcase"/>
  <testcase name="passwordblank" time="7.513" classname="com.test.testcase.SignInTestcase"/>
  <testcase name="passwordformate" time="8.956" classname="com.test.testcase.SignInTestcase"/>
</testsuite> <!-- com.test.testcase.SignInTestcase -->
