<?xml version="1.0" encoding="UTF-8"?>
<!-- Generated by org.testng.reporters.JUnitReportReporter -->
<testsuite hostname="Meet" name="com.test.testcase.PlanSelectTestcase" tests="1" failures="0" timestamp="18 Aug 2018 12:00:59 GMT" time="1.716" errors="0">
  <testcase name="planselect" time="1.716" classname="com.test.testcase.PlanSelectTestcase"/>
</testsuite> <!-- com.test.testcase.PlanSelectTestcase -->
