<?xml version="1.0" encoding="UTF-8"?>
<!-- Generated by org.testng.reporters.JUnitReportReporter -->
<testsuite hostname="Meet" name="com.test.testcase.HomeTestcase" tests="2" failures="0" timestamp="8 Sep 2018 11:19:03 GMT" time="5.539" errors="0">
  <testcase name="clickonforgotpassword" time="2.016" classname="com.test.testcase.HomeTestcase"/>
  <testcase name="clickonforgotpassword" time="3.523" classname="com.test.testcase.HomeTestcase"/>
</testsuite> <!-- com.test.testcase.HomeTestcase -->
